<?xml version="1.0" encoding="UTF-8"?>
<testsuite name="AlexNova"
           tests="2"
           failures="2"
           errors="0"
           skipped="0"
           time="13.418">
    <properties></properties>

            <testcase
                name="verifyIncorrectEmailCorrectPass"
                time="12.146"
                classname="tests.LoginRegisteredUserTest">

            <failure type="org.openqa.selenium.WebDriverException" message="chrome not reachable
  (Session info: chrome=102.0.5005.115)
Build info: version: &apos;4.0.0&apos;, revision: &apos;3a21814679&apos;
System info: host: &apos;DESKTOP-DJ642A6&apos;, ip: &apos;10.0.0.109&apos;, os.name: &apos;Windows 10&apos;, os.arch: &apos;amd64&apos;, os.version: &apos;10.0&apos;, java.version: &apos;1.8.0_322&apos;
Driver info: org.openqa.selenium.chrome.ChromeDriver
Command: [b66c1b72c5e8599637ddb8c47b9adeaf, findElement {using=id, value=customer_login_link}]
Capabilities {acceptInsecureCerts: false, browserName: chrome, browserVersion: 102.0.5005.115, chrome: {chromedriverVersion: 101.0.4951.41 (93c720db8323..., userDataDir: C:\Users\mohsi\AppData\Loca...}, goog:chromeOptions: {debuggerAddress: localhost:60062}, javascriptEnabled: true, networkConnectionEnabled: false, pageLoadStrategy: normal, platform: WINDOWS, platformName: WINDOWS, proxy: Proxy(), se:cdp: ws://localhost:60062/devtoo..., se:cdpVersion: 102.0.5005.115, setWindowRect: true, strictFileInteractability: false, timeouts: {implicit: 0, pageLoad: 300000, script: 30000}, unhandledPromptBehavior: dismiss and notify, webauthn:extension:credBlob: true, webauthn:extension:largeBlob: true, webauthn:virtualAuthenticators: true}
Session ID: b66c1b72c5e8599637ddb8c47b9adeaf">
                <![CDATA[org.openqa.selenium.WebDriverException: chrome not reachable
  (Session info: chrome=102.0.5005.115)
Build info: version: '4.0.0', revision: '3a21814679'
System info: host: 'DESKTOP-DJ642A6', ip: '10.0.0.109', os.name: 'Windows 10', os.arch: 'amd64', os.version: '10.0', java.version: '1.8.0_322'
Driver info: org.openqa.selenium.chrome.ChromeDriver
Command: [b66c1b72c5e8599637ddb8c47b9adeaf, findElement {using=id, value=customer_login_link}]
Capabilities {acceptInsecureCerts: false, browserName: chrome, browserVersion: 102.0.5005.115, chrome: {chromedriverVersion: 101.0.4951.41 (93c720db8323..., userDataDir: C:\Users\mohsi\AppData\Loca...}, goog:chromeOptions: {debuggerAddress: localhost:60062}, javascriptEnabled: true, networkConnectionEnabled: false, pageLoadStrategy: normal, platform: WINDOWS, platformName: WINDOWS, proxy: Proxy(), se:cdp: ws://localhost:60062/devtoo..., se:cdpVersion: 102.0.5005.115, setWindowRect: true, strictFileInteractability: false, timeouts: {implicit: 0, pageLoad: 300000, script: 30000}, unhandledPromptBehavior: dismiss and notify, webauthn:extension:credBlob: true, webauthn:extension:largeBlob: true, webauthn:virtualAuthenticators: true}
Session ID: b66c1b72c5e8599637ddb8c47b9adeaf
                sun.reflect.NativeConstructorAccessorImpl.newInstance0(Native Method)sun.reflect.NativeConstructorAccessorImpl.newInstance(NativeConstructorAccessorImpl.java:62)sun.reflect.DelegatingConstructorAccessorImpl.newInstance(DelegatingConstructorAccessorImpl.java:45)java.lang.reflect.Constructor.newInstance(Constructor.java:423)org.openqa.selenium.remote.codec.w3c.W3CHttpResponseCodec.createException(W3CHttpResponseCodec.java:200)org.openqa.selenium.remote.codec.w3c.W3CHttpResponseCodec.decode(W3CHttpResponseCodec.java:133)org.openqa.selenium.remote.codec.w3c.W3CHttpResponseCodec.decode(W3CHttpResponseCodec.java:53)org.openqa.selenium.remote.HttpCommandExecutor.execute(HttpCommandExecutor.java:184)org.openqa.selenium.remote.service.DriverCommandExecutor.invokeExecute(DriverCommandExecutor.java:164)org.openqa.selenium.remote.service.DriverCommandExecutor.execute(DriverCommandExecutor.java:139)org.openqa.selenium.remote.RemoteWebDriver.execute(RemoteWebDriver.java:559)org.openqa.selenium.remote.ElementLocation$ElementFinder$2.findElement(ElementLocation.java:162)org.openqa.selenium.remote.ElementLocation.findElement(ElementLocation.java:60)org.openqa.selenium.remote.RemoteWebDriver.findElement(RemoteWebDriver.java:383)org.openqa.selenium.remote.RemoteWebDriver.findElement(RemoteWebDriver.java:375)pages.Registration.clickAccount(Registration.java:37)tests.LoginRegisteredUserTest.verifyIncorrectEmailCorrectPass(LoginRegisteredUserTest.java:86)sun.reflect.NativeMethodAccessorImpl.invoke0(Native Method)sun.reflect.NativeMethodAccessorImpl.invoke(NativeMethodAccessorImpl.java:62)sun.reflect.DelegatingMethodAccessorImpl.invoke(DelegatingMethodAccessorImpl.java:43)java.lang.reflect.Method.invoke(Method.java:498)org.testng.internal.MethodInvocationHelper.invokeMethod(MethodInvocationHelper.java:124)org.testng.internal.Invoker.invokeMethod(Invoker.java:583)org.testng.internal.Invoker.invokeTestMethod(Invoker.java:719)org.testng.internal.Invoker.invokeTestMethods(Invoker.java:989)org.testng.internal.TestMethodWorker.invokeTestMethods(TestMethodWorker.java:125)org.testng.internal.TestMethodWorker.run(TestMethodWorker.java:109)org.testng.TestRunner.privateRun(TestRunner.java:648)org.testng.TestRunner.run(TestRunner.java:505)org.testng.SuiteRunner.runTest(SuiteRunner.java:455)org.testng.SuiteRunner.access$000(SuiteRunner.java:40)org.testng.SuiteRunner$SuiteWorker.run(SuiteRunner.java:489)org.testng.internal.thread.ThreadUtil$1.call(ThreadUtil.java:52)java.util.concurrent.FutureTask.run(FutureTask.java:266)java.util.concurrent.ThreadPoolExecutor.runWorker(ThreadPoolExecutor.java:1149)java.util.concurrent.ThreadPoolExecutor$Worker.run(ThreadPoolExecutor.java:624)java.lang.Thread.run(Thread.java:750)
]]>
            </failure>
    </testcase>
            <testcase
                name="LogInUser"
                time="1.272"
                classname="tests.LoginRegisteredUserTest">

            <failure type="org.openqa.selenium.ElementClickInterceptedException" message="element click intercepted: Element &lt;a href=&quot;/account/login&quot; id=&quot;customer_login_link&quot; data-open-accessibility-text-original=&quot;16px&quot; class=&quot;navigable&quot; style=&quot;font-size: 16px;&quot;&gt;...&lt;/a&gt; is not clickable at point (1084, 22). Other element would receive the click: &lt;iframe name=&quot;ju_iframe_486647&quot; data-ex=&quot;0&quot; title=&quot;YEB%20-%20New%20Visitor%20(desktop)%20%20v2&quot; class=&quot;ju_iframe&quot; id=&quot;ju_iframe_486647&quot; tabindex=&quot;0&quot; allowtransparency=&quot;true&quot; scrolling=&quot;no&quot; frameborder=&quot;0&quot; src=&quot;about:blank&quot; style=&quot;width: 1519.2px; opacity: 1; display: block;&quot; data-hj-allow-iframe=&quot;&quot;&gt;&lt;/iframe&gt;
  (Session info: chrome=102.0.5005.115)
Build info: version: &apos;4.0.0&apos;, revision: &apos;3a21814679&apos;
System info: host: &apos;DESKTOP-DJ642A6&apos;, ip: &apos;10.0.0.109&apos;, os.name: &apos;Windows 10&apos;, os.arch: &apos;amd64&apos;, os.version: &apos;10.0&apos;, java.version: &apos;1.8.0_322&apos;
Driver info: org.openqa.selenium.chrome.ChromeDriver
Command: [b66c1b72c5e8599637ddb8c47b9adeaf, clickElement {id=8a9d2492-4c2a-4344-847f-f1ef5ee4d4da}]
Capabilities {acceptInsecureCerts: false, browserName: chrome, browserVersion: 102.0.5005.115, chrome: {chromedriverVersion: 101.0.4951.41 (93c720db8323..., userDataDir: C:\Users\mohsi\AppData\Loca...}, goog:chromeOptions: {debuggerAddress: localhost:60062}, javascriptEnabled: true, networkConnectionEnabled: false, pageLoadStrategy: normal, platform: WINDOWS, platformName: WINDOWS, proxy: Proxy(), se:cdp: ws://localhost:60062/devtoo..., se:cdpVersion: 102.0.5005.115, setWindowRect: true, strictFileInteractability: false, timeouts: {implicit: 0, pageLoad: 300000, script: 30000}, unhandledPromptBehavior: dismiss and notify, webauthn:extension:credBlob: true, webauthn:extension:largeBlob: true, webauthn:virtualAuthenticators: true}
Element: [[ChromeDriver: chrome on WINDOWS (b66c1b72c5e8599637ddb8c47b9adeaf)] -&gt; id: customer_login_link]
Session ID: b66c1b72c5e8599637ddb8c47b9adeaf">
                <![CDATA[org.openqa.selenium.ElementClickInterceptedException: element click intercepted: Element <a href="/account/login" id="customer_login_link" data-open-accessibility-text-original="16px" class="navigable" style="font-size: 16px;">...</a> is not clickable at point (1084, 22). Other element would receive the click: <iframe name="ju_iframe_486647" data-ex="0" title="YEB%20-%20New%20Visitor%20(desktop)%20%20v2" class="ju_iframe" id="ju_iframe_486647" tabindex="0" allowtransparency="true" scrolling="no" frameborder="0" src="about:blank" style="width: 1519.2px; opacity: 1; display: block;" data-hj-allow-iframe=""></iframe>
  (Session info: chrome=102.0.5005.115)
Build info: version: '4.0.0', revision: '3a21814679'
System info: host: 'DESKTOP-DJ642A6', ip: '10.0.0.109', os.name: 'Windows 10', os.arch: 'amd64', os.version: '10.0', java.version: '1.8.0_322'
Driver info: org.openqa.selenium.chrome.ChromeDriver
Command: [b66c1b72c5e8599637ddb8c47b9adeaf, clickElement {id=8a9d2492-4c2a-4344-847f-f1ef5ee4d4da}]
Capabilities {acceptInsecureCerts: false, browserName: chrome, browserVersion: 102.0.5005.115, chrome: {chromedriverVersion: 101.0.4951.41 (93c720db8323..., userDataDir: C:\Users\mohsi\AppData\Loca...}, goog:chromeOptions: {debuggerAddress: localhost:60062}, javascriptEnabled: true, networkConnectionEnabled: false, pageLoadStrategy: normal, platform: WINDOWS, platformName: WINDOWS, proxy: Proxy(), se:cdp: ws://localhost:60062/devtoo..., se:cdpVersion: 102.0.5005.115, setWindowRect: true, strictFileInteractability: false, timeouts: {implicit: 0, pageLoad: 300000, script: 30000}, unhandledPromptBehavior: dismiss and notify, webauthn:extension:credBlob: true, webauthn:extension:largeBlob: true, webauthn:virtualAuthenticators: true}
Element: [[ChromeDriver: chrome on WINDOWS (b66c1b72c5e8599637ddb8c47b9adeaf)] -> id: customer_login_link]
Session ID: b66c1b72c5e8599637ddb8c47b9adeaf
                sun.reflect.NativeConstructorAccessorImpl.newInstance0(Native Method)sun.reflect.NativeConstructorAccessorImpl.newInstance(NativeConstructorAccessorImpl.java:62)sun.reflect.DelegatingConstructorAccessorImpl.newInstance(DelegatingConstructorAccessorImpl.java:45)java.lang.reflect.Constructor.newInstance(Constructor.java:423)org.openqa.selenium.remote.codec.w3c.W3CHttpResponseCodec.createException(W3CHttpResponseCodec.java:200)org.openqa.selenium.remote.codec.w3c.W3CHttpResponseCodec.decode(W3CHttpResponseCodec.java:133)org.openqa.selenium.remote.codec.w3c.W3CHttpResponseCodec.decode(W3CHttpResponseCodec.java:53)org.openqa.selenium.remote.HttpCommandExecutor.execute(HttpCommandExecutor.java:184)org.openqa.selenium.remote.service.DriverCommandExecutor.invokeExecute(DriverCommandExecutor.java:164)org.openqa.selenium.remote.service.DriverCommandExecutor.execute(DriverCommandExecutor.java:139)org.openqa.selenium.remote.RemoteWebDriver.execute(RemoteWebDriver.java:559)org.openqa.selenium.remote.RemoteWebElement.execute(RemoteWebElement.java:251)org.openqa.selenium.remote.RemoteWebElement.click(RemoteWebElement.java:77)pages.Registration.clickAccount(Registration.java:37)tests.LoginRegisteredUserTest.LogInUser(LoginRegisteredUserTest.java:63)sun.reflect.NativeMethodAccessorImpl.invoke0(Native Method)sun.reflect.NativeMethodAccessorImpl.invoke(NativeMethodAccessorImpl.java:62)sun.reflect.DelegatingMethodAccessorImpl.invoke(DelegatingMethodAccessorImpl.java:43)java.lang.reflect.Method.invoke(Method.java:498)org.testng.internal.MethodInvocationHelper.invokeMethod(MethodInvocationHelper.java:124)org.testng.internal.Invoker.invokeMethod(Invoker.java:583)org.testng.internal.Invoker.invokeTestMethod(Invoker.java:719)org.testng.internal.Invoker.invokeTestMethods(Invoker.java:989)org.testng.internal.TestMethodWorker.invokeTestMethods(TestMethodWorker.java:125)org.testng.internal.TestMethodWorker.run(TestMethodWorker.java:109)org.testng.TestRunner.privateRun(TestRunner.java:648)org.testng.TestRunner.run(TestRunner.java:505)org.testng.SuiteRunner.runTest(SuiteRunner.java:455)org.testng.SuiteRunner.access$000(SuiteRunner.java:40)org.testng.SuiteRunner$SuiteWorker.run(SuiteRunner.java:489)org.testng.internal.thread.ThreadUtil$1.call(ThreadUtil.java:52)java.util.concurrent.FutureTask.run(FutureTask.java:266)java.util.concurrent.ThreadPoolExecutor.runWorker(ThreadPoolExecutor.java:1149)java.util.concurrent.ThreadPoolExecutor$Worker.run(ThreadPoolExecutor.java:624)java.lang.Thread.run(Thread.java:750)
]]>
            </failure>
    </testcase>


</testsuite>
