<?xml version="1.0" encoding="UTF-8"?>
<testsuite name="AlexNova"
           tests="2"
           failures="2"
           errors="0"
           skipped="0"
           time="43.206">
    <properties></properties>

            <testcase
                name="SearchProductOnHomePage"
                time="17.720"
                classname="tests.SearchProductsPageTest">

            <failure type="org.openqa.selenium.WebDriverException" message="chrome not reachable
  (Session info: chrome=102.0.5005.115)
Build info: version: &apos;4.0.0&apos;, revision: &apos;3a21814679&apos;
System info: host: &apos;DESKTOP-DJ642A6&apos;, ip: &apos;10.0.0.109&apos;, os.name: &apos;Windows 10&apos;, os.arch: &apos;amd64&apos;, os.version: &apos;10.0&apos;, java.version: &apos;1.8.0_322&apos;
Driver info: org.openqa.selenium.chrome.ChromeDriver
Command: [19d4ded8df4452c297194cfe95e3c7d4, findElement {using=xpath, value=//*[@id=&quot;keyboard-nav-3&quot;]/h1/span[2]}]
Capabilities {acceptInsecureCerts: false, browserName: chrome, browserVersion: 102.0.5005.115, chrome: {chromedriverVersion: 101.0.4951.41 (93c720db8323..., userDataDir: C:\Users\mohsi\AppData\Loca...}, goog:chromeOptions: {debuggerAddress: localhost:60483}, javascriptEnabled: true, networkConnectionEnabled: false, pageLoadStrategy: normal, platform: WINDOWS, platformName: WINDOWS, proxy: Proxy(), se:cdp: ws://localhost:60483/devtoo..., se:cdpVersion: 102.0.5005.115, setWindowRect: true, strictFileInteractability: false, timeouts: {implicit: 0, pageLoad: 300000, script: 30000}, unhandledPromptBehavior: dismiss and notify, webauthn:extension:credBlob: true, webauthn:extension:largeBlob: true, webauthn:virtualAuthenticators: true}
Session ID: 19d4ded8df4452c297194cfe95e3c7d4">
                <![CDATA[org.openqa.selenium.WebDriverException: chrome not reachable
  (Session info: chrome=102.0.5005.115)
Build info: version: '4.0.0', revision: '3a21814679'
System info: host: 'DESKTOP-DJ642A6', ip: '10.0.0.109', os.name: 'Windows 10', os.arch: 'amd64', os.version: '10.0', java.version: '1.8.0_322'
Driver info: org.openqa.selenium.chrome.ChromeDriver
Command: [19d4ded8df4452c297194cfe95e3c7d4, findElement {using=xpath, value=//*[@id="keyboard-nav-3"]/h1/span[2]}]
Capabilities {acceptInsecureCerts: false, browserName: chrome, browserVersion: 102.0.5005.115, chrome: {chromedriverVersion: 101.0.4951.41 (93c720db8323..., userDataDir: C:\Users\mohsi\AppData\Loca...}, goog:chromeOptions: {debuggerAddress: localhost:60483}, javascriptEnabled: true, networkConnectionEnabled: false, pageLoadStrategy: normal, platform: WINDOWS, platformName: WINDOWS, proxy: Proxy(), se:cdp: ws://localhost:60483/devtoo..., se:cdpVersion: 102.0.5005.115, setWindowRect: true, strictFileInteractability: false, timeouts: {implicit: 0, pageLoad: 300000, script: 30000}, unhandledPromptBehavior: dismiss and notify, webauthn:extension:credBlob: true, webauthn:extension:largeBlob: true, webauthn:virtualAuthenticators: true}
Session ID: 19d4ded8df4452c297194cfe95e3c7d4
                sun.reflect.NativeConstructorAccessorImpl.newInstance0(Native Method)sun.reflect.NativeConstructorAccessorImpl.newInstance(NativeConstructorAccessorImpl.java:62)sun.reflect.DelegatingConstructorAccessorImpl.newInstance(DelegatingConstructorAccessorImpl.java:45)java.lang.reflect.Constructor.newInstance(Constructor.java:423)org.openqa.selenium.remote.codec.w3c.W3CHttpResponseCodec.createException(W3CHttpResponseCodec.java:200)org.openqa.selenium.remote.codec.w3c.W3CHttpResponseCodec.decode(W3CHttpResponseCodec.java:133)org.openqa.selenium.remote.codec.w3c.W3CHttpResponseCodec.decode(W3CHttpResponseCodec.java:53)org.openqa.selenium.remote.HttpCommandExecutor.execute(HttpCommandExecutor.java:184)org.openqa.selenium.remote.service.DriverCommandExecutor.invokeExecute(DriverCommandExecutor.java:164)org.openqa.selenium.remote.service.DriverCommandExecutor.execute(DriverCommandExecutor.java:139)org.openqa.selenium.remote.RemoteWebDriver.execute(RemoteWebDriver.java:559)org.openqa.selenium.remote.ElementLocation$ElementFinder$2.findElement(ElementLocation.java:162)org.openqa.selenium.remote.ElementLocation.findElement(ElementLocation.java:60)org.openqa.selenium.remote.RemoteWebDriver.findElement(RemoteWebDriver.java:383)org.openqa.selenium.remote.RemoteWebDriver.findElement(RemoteWebDriver.java:375)pages.SearchProduct.getSearchText(SearchProduct.java:37)tests.SearchProductsPageTest.SearchProductOnHomePage(SearchProductsPageTest.java:67)sun.reflect.NativeMethodAccessorImpl.invoke0(Native Method)sun.reflect.NativeMethodAccessorImpl.invoke(NativeMethodAccessorImpl.java:62)sun.reflect.DelegatingMethodAccessorImpl.invoke(DelegatingMethodAccessorImpl.java:43)java.lang.reflect.Method.invoke(Method.java:498)org.testng.internal.MethodInvocationHelper.invokeMethod(MethodInvocationHelper.java:124)org.testng.internal.Invoker.invokeMethod(Invoker.java:583)org.testng.internal.Invoker.invokeTestMethod(Invoker.java:719)org.testng.internal.Invoker.invokeTestMethods(Invoker.java:989)org.testng.internal.TestMethodWorker.invokeTestMethods(TestMethodWorker.java:125)org.testng.internal.TestMethodWorker.run(TestMethodWorker.java:109)org.testng.TestRunner.privateRun(TestRunner.java:648)org.testng.TestRunner.run(TestRunner.java:505)org.testng.SuiteRunner.runTest(SuiteRunner.java:455)org.testng.SuiteRunner.access$000(SuiteRunner.java:40)org.testng.SuiteRunner$SuiteWorker.run(SuiteRunner.java:489)org.testng.internal.thread.ThreadUtil$1.call(ThreadUtil.java:52)java.util.concurrent.FutureTask.run(FutureTask.java:266)java.util.concurrent.ThreadPoolExecutor.runWorker(ThreadPoolExecutor.java:1149)java.util.concurrent.ThreadPoolExecutor$Worker.run(ThreadPoolExecutor.java:624)java.lang.Thread.run(Thread.java:750)
]]>
            </failure>
    </testcase>
            <testcase
                name="emptySearch"
                time="25.486"
                classname="tests.SearchProductsPageTest">

            <failure type="org.openqa.selenium.NoSuchElementException" message="no such element: Unable to locate element: {&quot;method&quot;:&quot;xpath&quot;,&quot;selector&quot;:&quot;//*[@id=&quot;keyboard-nav-3&quot;]/div[2]/p&quot;}
  (Session info: chrome=102.0.5005.115)
For documentation on this error, please visit: https://selenium.dev/exceptions/#no_such_element
Build info: version: &apos;4.0.0&apos;, revision: &apos;3a21814679&apos;
System info: host: &apos;DESKTOP-DJ642A6&apos;, ip: &apos;10.0.0.109&apos;, os.name: &apos;Windows 10&apos;, os.arch: &apos;amd64&apos;, os.version: &apos;10.0&apos;, java.version: &apos;1.8.0_322&apos;
Driver info: org.openqa.selenium.chrome.ChromeDriver
Command: [8ecde204c9851a747a033bbdbf55dd6a, findElement {using=xpath, value=//*[@id=&quot;keyboard-nav-3&quot;]/div[2]/p}]
Capabilities {acceptInsecureCerts: false, browserName: chrome, browserVersion: 102.0.5005.115, chrome: {chromedriverVersion: 101.0.4951.41 (93c720db8323..., userDataDir: C:\Users\mohsi\AppData\Loca...}, goog:chromeOptions: {debuggerAddress: localhost:60787}, javascriptEnabled: true, networkConnectionEnabled: false, pageLoadStrategy: normal, platform: WINDOWS, platformName: WINDOWS, proxy: Proxy(), se:cdp: ws://localhost:60787/devtoo..., se:cdpVersion: 102.0.5005.115, setWindowRect: true, strictFileInteractability: false, timeouts: {implicit: 0, pageLoad: 300000, script: 30000}, unhandledPromptBehavior: dismiss and notify, webauthn:extension:credBlob: true, webauthn:extension:largeBlob: true, webauthn:virtualAuthenticators: true}
Session ID: 8ecde204c9851a747a033bbdbf55dd6a">
                <![CDATA[org.openqa.selenium.NoSuchElementException: no such element: Unable to locate element: {"method":"xpath","selector":"//*[@id="keyboard-nav-3"]/div[2]/p"}
  (Session info: chrome=102.0.5005.115)
For documentation on this error, please visit: https://selenium.dev/exceptions/#no_such_element
Build info: version: '4.0.0', revision: '3a21814679'
System info: host: 'DESKTOP-DJ642A6', ip: '10.0.0.109', os.name: 'Windows 10', os.arch: 'amd64', os.version: '10.0', java.version: '1.8.0_322'
Driver info: org.openqa.selenium.chrome.ChromeDriver
Command: [8ecde204c9851a747a033bbdbf55dd6a, findElement {using=xpath, value=//*[@id="keyboard-nav-3"]/div[2]/p}]
Capabilities {acceptInsecureCerts: false, browserName: chrome, browserVersion: 102.0.5005.115, chrome: {chromedriverVersion: 101.0.4951.41 (93c720db8323..., userDataDir: C:\Users\mohsi\AppData\Loca...}, goog:chromeOptions: {debuggerAddress: localhost:60787}, javascriptEnabled: true, networkConnectionEnabled: false, pageLoadStrategy: normal, platform: WINDOWS, platformName: WINDOWS, proxy: Proxy(), se:cdp: ws://localhost:60787/devtoo..., se:cdpVersion: 102.0.5005.115, setWindowRect: true, strictFileInteractability: false, timeouts: {implicit: 0, pageLoad: 300000, script: 30000}, unhandledPromptBehavior: dismiss and notify, webauthn:extension:credBlob: true, webauthn:extension:largeBlob: true, webauthn:virtualAuthenticators: true}
Session ID: 8ecde204c9851a747a033bbdbf55dd6a
                sun.reflect.NativeConstructorAccessorImpl.newInstance0(Native Method)sun.reflect.NativeConstructorAccessorImpl.newInstance(NativeConstructorAccessorImpl.java:62)sun.reflect.DelegatingConstructorAccessorImpl.newInstance(DelegatingConstructorAccessorImpl.java:45)java.lang.reflect.Constructor.newInstance(Constructor.java:423)org.openqa.selenium.remote.codec.w3c.W3CHttpResponseCodec.createException(W3CHttpResponseCodec.java:200)org.openqa.selenium.remote.codec.w3c.W3CHttpResponseCodec.decode(W3CHttpResponseCodec.java:133)org.openqa.selenium.remote.codec.w3c.W3CHttpResponseCodec.decode(W3CHttpResponseCodec.java:53)org.openqa.selenium.remote.HttpCommandExecutor.execute(HttpCommandExecutor.java:184)org.openqa.selenium.remote.service.DriverCommandExecutor.invokeExecute(DriverCommandExecutor.java:164)org.openqa.selenium.remote.service.DriverCommandExecutor.execute(DriverCommandExecutor.java:139)org.openqa.selenium.remote.RemoteWebDriver.execute(RemoteWebDriver.java:559)org.openqa.selenium.remote.ElementLocation$ElementFinder$2.findElement(ElementLocation.java:162)org.openqa.selenium.remote.ElementLocation.findElement(ElementLocation.java:60)org.openqa.selenium.remote.RemoteWebDriver.findElement(RemoteWebDriver.java:383)org.openqa.selenium.remote.RemoteWebDriver.findElement(RemoteWebDriver.java:375)pages.SearchProduct.getEmptySearchText(SearchProduct.java:42)tests.SearchProductsPageTest.emptySearch(SearchProductsPageTest.java:104)sun.reflect.NativeMethodAccessorImpl.invoke0(Native Method)sun.reflect.NativeMethodAccessorImpl.invoke(NativeMethodAccessorImpl.java:62)sun.reflect.DelegatingMethodAccessorImpl.invoke(DelegatingMethodAccessorImpl.java:43)java.lang.reflect.Method.invoke(Method.java:498)org.testng.internal.MethodInvocationHelper.invokeMethod(MethodInvocationHelper.java:124)org.testng.internal.Invoker.invokeMethod(Invoker.java:583)org.testng.internal.Invoker.invokeTestMethod(Invoker.java:719)org.testng.internal.Invoker.invokeTestMethods(Invoker.java:989)org.testng.internal.TestMethodWorker.invokeTestMethods(TestMethodWorker.java:125)org.testng.internal.TestMethodWorker.run(TestMethodWorker.java:109)org.testng.TestRunner.privateRun(TestRunner.java:648)org.testng.TestRunner.run(TestRunner.java:505)org.testng.SuiteRunner.runTest(SuiteRunner.java:455)org.testng.SuiteRunner.access$000(SuiteRunner.java:40)org.testng.SuiteRunner$SuiteWorker.run(SuiteRunner.java:489)org.testng.internal.thread.ThreadUtil$1.call(ThreadUtil.java:52)java.util.concurrent.FutureTask.run(FutureTask.java:266)java.util.concurrent.ThreadPoolExecutor.runWorker(ThreadPoolExecutor.java:1149)java.util.concurrent.ThreadPoolExecutor$Worker.run(ThreadPoolExecutor.java:624)java.lang.Thread.run(Thread.java:750)
]]>
            </failure>
    </testcase>


</testsuite>
